mode: set
go.leapkit.dev/core/assets/fingerprint.go:19.56,26.48 5 1
go.leapkit.dev/core/assets/fingerprint.go:26.48,28.3 1 1
go.leapkit.dev/core/assets/fingerprint.go:31.2,32.16 2 1
go.leapkit.dev/core/assets/fingerprint.go:32.16,34.3 1 1
go.leapkit.dev/core/assets/fingerprint.go:36.2,48.72 8 1
go.leapkit.dev/core/assets/fingerprint.go:48.72,50.3 1 1
go.leapkit.dev/core/assets/fingerprint.go:52.2,55.53 3 1
go.leapkit.dev/core/assets/fingerprint.go:67.49,73.2 4 1
go.leapkit.dev/core/assets/handler.go:11.43,12.26 1 1
go.leapkit.dev/core/assets/handler.go:12.26,14.3 1 1
go.leapkit.dev/core/assets/handler.go:16.2,16.22 1 1
go.leapkit.dev/core/assets/handler.go:25.54,27.18 2 1
go.leapkit.dev/core/assets/handler.go:27.18,29.3 1 1
go.leapkit.dev/core/assets/handler.go:32.2,32.44 1 1
go.leapkit.dev/core/assets/handler.go:32.44,34.3 1 1
go.leapkit.dev/core/assets/handler.go:36.2,38.30 2 1
go.leapkit.dev/core/assets/handler.go:41.57,43.16 2 1
go.leapkit.dev/core/assets/handler.go:43.16,45.3 1 1
go.leapkit.dev/core/assets/handler.go:46.2,48.22 2 1
go.leapkit.dev/core/assets/importmap.go:11.54,13.24 2 1
go.leapkit.dev/core/assets/importmap.go:13.24,15.3 1 1
go.leapkit.dev/core/assets/importmap.go:17.2,17.16 1 1
go.leapkit.dev/core/assets/importmap.go:17.16,19.3 1 1
go.leapkit.dev/core/assets/importmap.go:21.2,27.62 3 1
go.leapkit.dev/core/assets/importmap.go:27.62,29.3 1 1
go.leapkit.dev/core/assets/importmap.go:31.2,31.38 1 1
go.leapkit.dev/core/assets/importmap.go:31.38,33.17 2 1
go.leapkit.dev/core/assets/importmap.go:33.17,35.12 2 1
go.leapkit.dev/core/assets/importmap.go:38.3,38.32 1 1
go.leapkit.dev/core/assets/importmap.go:41.2,42.16 2 1
go.leapkit.dev/core/assets/importmap.go:42.16,44.3 1 0
go.leapkit.dev/core/assets/importmap.go:46.2,52.51 6 1
go.leapkit.dev/core/assets/importmap.go:52.51,55.3 2 1
go.leapkit.dev/core/assets/importmap.go:57.2,57.41 1 1
go.leapkit.dev/core/assets/manager.go:21.62,23.24 2 1
go.leapkit.dev/core/assets/manager.go:23.24,25.3 1 1
go.leapkit.dev/core/assets/manager.go:27.2,28.23 2 1
go.leapkit.dev/core/assets/manager.go:28.23,30.3 1 1
go.leapkit.dev/core/assets/manager.go:30.8,32.3 1 1
go.leapkit.dev/core/assets/manager.go:34.2,39.3 1 1
